{"message":"Router.use() requires a middleware function but got a Object","level":"error"}
{"message":"'caller', 'callee', and 'arguments' properties may not be accessed on strict mode functions or the arguments objects for calls to them","level":"error"}
{"message":"Router.use() requires a middleware function but got a Object","level":"error"}
{"message":"Router.use() requires a middleware function but got a Object","level":"error"}
{"message":"Router.use() requires a middleware function but got a Object","level":"error"}
{"message":"Router.use() requires a middleware function but got a Object","level":"error"}
{"message":"Router.use() requires a middleware function but got a Object","level":"error"}
{"message":"Unexpected identifier","level":"error"}
{"message":"res.status(...).json(...).catch is not a function","level":"error"}
{"message":"res.status(...).json(...).catch is not a function","level":"error"}
{"message":"res.status(...).json(...).catch is not a function","level":"error"}
{"message":"Route.post() requires a callback function but got a [object Undefined]","level":"error"}
{"message":"Route.post() requires a callback function but got a [object Undefined]","level":"error"}
{"message":"Route.post() requires a callback function but got a [object Undefined]","level":"error"}
{"message":"bcript is not defined","level":"error"}
{"message":"jwt is not defined","level":"error"}
{"message":"config is not defined","level":"error"}
{"message":"Route.post() requires a callback function but got a [object Undefined]","level":"error"}
{"message":"Route.post() requires a callback function but got a [object Undefined]","level":"error"}
{"message":"Route.post() requires a callback function but got a [object Undefined]","level":"error"}
{"message":"Cannot set headers after they are sent to the client","level":"error"}
{"message":"Cannot set headers after they are sent to the client","level":"error"}
{"message":"Cannot set headers after they are sent to the client","level":"error"}
{"message":"Cannot set headers after they are sent to the client","level":"error"}
{"message":"Cannot set headers after they are sent to the client","level":"error"}
{"message":"Cannot set headers after they are sent to the client","level":"error"}
{"message":"Unexpected token ')'","level":"error"}
{"message":"missing ) after argument list","level":"error"}
{"message":"jwt is not defined","level":"error"}
{"message":"Unexpected identifier","level":"error"}
{"message":"Unexpected identifier","level":"error"}
{"message":"Route.post() requires a callback function but got a [object Undefined]","level":"error"}
{"message":"Unexpected identifier","level":"error"}
{"message":"Cannot read property 'push' of undefined","level":"error"}
{"message":"Route.delete() requires a callback function but got a [object Undefined]","level":"error"}
{"message":"Route.post() requires a callback function but got a [object Undefined]","level":"error"}
{"message":"router.update is not a function","level":"error"}
{"message":"router.update is not a function","level":"error"}
{"message":"router.update is not a function","level":"error"}
{"message":"router.update is not a function","level":"error"}
{"message":"router.update is not a function","level":"error"}
{"message":"router.update is not a function","level":"error"}
{"message":"Route.delete() requires a callback function but got a [object Undefined]","level":"error"}
{"message":"router.update is not a function","level":"error"}
{"message":"router.update is not a function","level":"error"}
{"message":"Route.put() requires a callback function but got a [object Undefined]","level":"error"}
{"message":"Route.get() requires a callback function but got a [object Undefined]","level":"error"}
{"message":"Cannot set headers after they are sent to the client","level":"error"}
{"message":"undefined is not a function","level":"error"}
{"message":"undefined is not a function","level":"error"}
{"message":"undefined is not a function","level":"error"}
{"message":"Cannot read property 'path' of undefined","level":"error"}
